<?xml version="1.0" encoding="UTF-8"?>
<testsuite name="app.ChatAppApplicationTests" tests="1" skipped="0" failures="0" errors="0" timestamp="2023-04-04T16:22:23" hostname="LAPTOP-TFGD11NP" time="0.459">
  <properties/>
  <testcase name="contextLoads()" classname="app.ChatAppApplicationTests" time="0.459"/>
  <system-out><![CDATA[12:22:21.630 [Test worker] DEBUG org.springframework.boot.test.context.SpringBootTestContextBootstrapper -- Neither @ContextConfiguration nor @ContextHierarchy found for test class [ChatAppApplicationTests]: using SpringBootContextLoader
12:22:21.636 [Test worker] DEBUG org.springframework.test.context.support.AbstractContextLoader -- Could not detect default resource locations for test class [app.ChatAppApplicationTests]: no resource found for suffixes {-context.xml, Context.groovy}.
12:22:21.637 [Test worker] INFO org.springframework.test.context.support.AnnotationConfigContextLoaderUtils -- Could not detect default configuration classes for test class [app.ChatAppApplicationTests]: ChatAppApplicationTests does not declare any static, non-private, non-final, nested classes annotated with @Configuration.
12:22:21.670 [Test worker] DEBUG org.springframework.boot.test.context.SpringBootTestContextBootstrapper -- Using ContextCustomizers for test class [ChatAppApplicationTests]: [DisableObservabilityContextCustomizer, PropertyMappingContextCustomizer, Customizer, ExcludeFilterContextCustomizer, DuplicateJsonObjectContextCustomizer, MockitoContextCustomizer, TestRestTemplateContextCustomizer]
12:22:21.749 [Test worker] DEBUG org.springframework.context.annotation.ClassPathScanningCandidateComponentProvider -- Identified candidate component class: file [C:\Users\caven\Desktop\chatapp\backend\build\classes\java\main\app\ChatAppApplication.class]
12:22:21.756 [Test worker] INFO org.springframework.boot.test.context.SpringBootTestContextBootstrapper -- Found @SpringBootConfiguration app.ChatAppApplication for test class app.ChatAppApplicationTests
12:22:21.872 [Test worker] DEBUG org.springframework.test.context.util.TestContextSpringFactoriesUtils -- Skipping candidate TestExecutionListener [org.springframework.test.context.transaction.TransactionalTestExecutionListener] due to a missing dependency. Specify custom TestExecutionListener classes or make the default TestExecutionListener classes and their required dependencies available. Offending class: [org/springframework/transaction/interceptor/TransactionAttributeSource]
12:22:21.872 [Test worker] DEBUG org.springframework.test.context.util.TestContextSpringFactoriesUtils -- Skipping candidate TestExecutionListener [org.springframework.test.context.jdbc.SqlScriptsTestExecutionListener] due to a missing dependency. Specify custom TestExecutionListener classes or make the default TestExecutionListener classes and their required dependencies available. Offending class: [org/springframework/transaction/interceptor/TransactionAttribute]
12:22:21.875 [Test worker] DEBUG org.springframework.boot.test.context.SpringBootTestContextBootstrapper -- Using TestExecutionListeners for test class [ChatAppApplicationTests]: [ServletTestExecutionListener, DirtiesContextBeforeModesTestExecutionListener, ApplicationEventsTestExecutionListener, MockitoTestExecutionListener, DependencyInjectionTestExecutionListener, DirtiesContextTestExecutionListener, EventPublishingTestExecutionListener, RestDocsTestExecutionListener, MockRestServiceServerResetTestExecutionListener, MockMvcPrintOnlyOnFailureTestExecutionListener, WebDriverTestExecutionListener, MockWebServiceServerTestExecutionListener, ResetMocksTestExecutionListener]
12:22:21.876 [Test worker] DEBUG org.springframework.test.context.support.AbstractDirtiesContextTestExecutionListener -- Before test class: class [ChatAppApplicationTests], class annotated with @DirtiesContext [false] with mode [null]

  .   ____          _            __ _ _
 /\\ / ___'_ __ _ _(_)_ __  __ _ \ \ \ \
( ( )\___ | '_ | '_| | '_ \/ _` | \ \ \ \
 \\/  ___)| |_)| | | | | || (_| |  ) ) ) )
  '  |____| .__|_| |_|_| |_\__, | / / / /
 =========|_|==============|___/=/_/_/_/
 :: Spring Boot ::                (v3.0.5)

2023-04-04T12:22:22.224-04:00  INFO 9788 --- [    Test worker] app.ChatAppApplicationTests              : Starting ChatAppApplicationTests using Java 18.0.2.1 with PID 9788 (started by caven in C:\Users\caven\Desktop\chatapp\backend)
2023-04-04T12:22:22.226-04:00  INFO 9788 --- [    Test worker] app.ChatAppApplicationTests              : No active profile set, falling back to 1 default profile: "default"
2023-04-04T12:22:23.792-04:00  INFO 9788 --- [    Test worker] o.s.m.s.b.SimpleBrokerMessageHandler     : Starting...
2023-04-04T12:22:23.797-04:00  INFO 9788 --- [    Test worker] o.s.m.s.b.SimpleBrokerMessageHandler     : BrokerAvailabilityEvent[available=true, SimpleBrokerMessageHandler [org.springframework.messaging.simp.broker.DefaultSubscriptionRegistry@b9d018b]]
2023-04-04T12:22:23.799-04:00  INFO 9788 --- [    Test worker] o.s.m.s.b.SimpleBrokerMessageHandler     : Started.
2023-04-04T12:22:23.822-04:00  INFO 9788 --- [    Test worker] app.ChatAppApplicationTests              : Started ChatAppApplicationTests in 1.895 seconds (process running for 3.226)
]]></system-out>
  <system-err><![CDATA[]]></system-err>
</testsuite>
